<?xml version="1.0" encoding="UTF-8"?>
<testsuite name="co.empresa.recursoshumanos.RecursoshumanosApplicationTests" tests="1" skipped="0" failures="0" errors="0" timestamp="2023-09-08T14:39:50" hostname="DESKTOP-4A96J8U" time="1.724">
  <properties/>
  <testcase name="contextLoads()" classname="co.empresa.recursoshumanos.RecursoshumanosApplicationTests" time="1.724"/>
  <system-out><![CDATA[09:39:37.766 [Test worker] DEBUG org.springframework.test.context.BootstrapUtils - Instantiating CacheAwareContextLoaderDelegate from class [org.springframework.test.context.cache.DefaultCacheAwareContextLoaderDelegate]
09:39:37.803 [Test worker] DEBUG org.springframework.test.context.BootstrapUtils - Instantiating BootstrapContext using constructor [public org.springframework.test.context.support.DefaultBootstrapContext(java.lang.Class,org.springframework.test.context.CacheAwareContextLoaderDelegate)]
09:39:37.903 [Test worker] DEBUG org.springframework.test.context.BootstrapUtils - Instantiating TestContextBootstrapper for test class [co.empresa.recursoshumanos.RecursoshumanosApplicationTests] from class [org.springframework.boot.test.context.SpringBootTestContextBootstrapper]
09:39:37.946 [Test worker] INFO org.springframework.boot.test.context.SpringBootTestContextBootstrapper - Neither @ContextConfiguration nor @ContextHierarchy found for test class [co.empresa.recursoshumanos.RecursoshumanosApplicationTests], using SpringBootContextLoader
09:39:37.961 [Test worker] DEBUG org.springframework.test.context.support.AbstractContextLoader - Did not detect default resource location for test class [co.empresa.recursoshumanos.RecursoshumanosApplicationTests]: class path resource [co/empresa/recursoshumanos/RecursoshumanosApplicationTests-context.xml] does not exist
09:39:37.962 [Test worker] DEBUG org.springframework.test.context.support.AbstractContextLoader - Did not detect default resource location for test class [co.empresa.recursoshumanos.RecursoshumanosApplicationTests]: class path resource [co/empresa/recursoshumanos/RecursoshumanosApplicationTestsContext.groovy] does not exist
09:39:37.963 [Test worker] INFO org.springframework.test.context.support.AbstractContextLoader - Could not detect default resource locations for test class [co.empresa.recursoshumanos.RecursoshumanosApplicationTests]: no resource found for suffixes {-context.xml, Context.groovy}.
09:39:37.965 [Test worker] INFO org.springframework.test.context.support.AnnotationConfigContextLoaderUtils - Could not detect default configuration classes for test class [co.empresa.recursoshumanos.RecursoshumanosApplicationTests]: RecursoshumanosApplicationTests does not declare any static, non-private, non-final, nested classes annotated with @Configuration.
09:39:38.120 [Test worker] DEBUG org.springframework.test.context.support.ActiveProfilesUtils - Could not find an 'annotation declaring class' for annotation type [org.springframework.test.context.ActiveProfiles] and class [co.empresa.recursoshumanos.RecursoshumanosApplicationTests]
09:39:38.332 [Test worker] DEBUG org.springframework.context.annotation.ClassPathScanningCandidateComponentProvider - Identified candidate component class: file [C:\Users\lufer\OneDrive\Documentos\2023-2\Software\Codigo\recursoshumanos\build\classes\java\main\co\empresa\recursoshumanos\RecursoshumanosApplication.class]
09:39:38.337 [Test worker] INFO org.springframework.boot.test.context.SpringBootTestContextBootstrapper - Found @SpringBootConfiguration co.empresa.recursoshumanos.RecursoshumanosApplication for test class co.empresa.recursoshumanos.RecursoshumanosApplicationTests
09:39:38.731 [Test worker] DEBUG org.springframework.boot.test.context.SpringBootTestContextBootstrapper - @TestExecutionListeners is not present for class [co.empresa.recursoshumanos.RecursoshumanosApplicationTests]: using defaults.
09:39:38.736 [Test worker] INFO org.springframework.boot.test.context.SpringBootTestContextBootstrapper - Loaded default TestExecutionListener class names from location [META-INF/spring.factories]: [org.springframework.boot.test.autoconfigure.restdocs.RestDocsTestExecutionListener, org.springframework.boot.test.autoconfigure.web.client.MockRestServiceServerResetTestExecutionListener, org.springframework.boot.test.autoconfigure.web.servlet.MockMvcPrintOnlyOnFailureTestExecutionListener, org.springframework.boot.test.autoconfigure.web.servlet.WebDriverTestExecutionListener, org.springframework.boot.test.autoconfigure.webservices.client.MockWebServiceServerTestExecutionListener, org.springframework.boot.test.mock.mockito.MockitoTestExecutionListener, org.springframework.boot.test.mock.mockito.ResetMocksTestExecutionListener, org.springframework.test.context.web.ServletTestExecutionListener, org.springframework.test.context.support.DirtiesContextBeforeModesTestExecutionListener, org.springframework.test.context.event.ApplicationEventsTestExecutionListener, org.springframework.test.context.support.DependencyInjectionTestExecutionListener, org.springframework.test.context.support.DirtiesContextTestExecutionListener, org.springframework.test.context.transaction.TransactionalTestExecutionListener, org.springframework.test.context.jdbc.SqlScriptsTestExecutionListener, org.springframework.test.context.event.EventPublishingTestExecutionListener]
09:39:38.829 [Test worker] INFO org.springframework.boot.test.context.SpringBootTestContextBootstrapper - Using TestExecutionListeners: [org.springframework.test.context.web.ServletTestExecutionListener@7e985ce9, org.springframework.test.context.support.DirtiesContextBeforeModesTestExecutionListener@2a39fe6a, org.springframework.test.context.event.ApplicationEventsTestExecutionListener@410ae9a3, org.springframework.boot.test.mock.mockito.MockitoTestExecutionListener@319988b0, org.springframework.boot.test.autoconfigure.SpringBootDependencyInjectionTestExecutionListener@d5ae57e, org.springframework.test.context.support.DirtiesContextTestExecutionListener@68759011, org.springframework.test.context.transaction.TransactionalTestExecutionListener@7e242b4d, org.springframework.test.context.jdbc.SqlScriptsTestExecutionListener@305f031, org.springframework.test.context.event.EventPublishingTestExecutionListener@592e843a, org.springframework.boot.test.autoconfigure.restdocs.RestDocsTestExecutionListener@1d1f7216, org.springframework.boot.test.autoconfigure.web.client.MockRestServiceServerResetTestExecutionListener@423e4cbb, org.springframework.boot.test.autoconfigure.web.servlet.MockMvcPrintOnlyOnFailureTestExecutionListener@6e16b8b5, org.springframework.boot.test.autoconfigure.web.servlet.WebDriverTestExecutionListener@43b4fe19, org.springframework.boot.test.autoconfigure.webservices.client.MockWebServiceServerTestExecutionListener@25ddbbbb, org.springframework.boot.test.mock.mockito.ResetMocksTestExecutionListener@1536602f]
09:39:38.839 [Test worker] DEBUG org.springframework.test.context.support.AbstractDirtiesContextTestExecutionListener - Before test class: context [DefaultTestContext@5cc126dc testClass = RecursoshumanosApplicationTests, testInstance = [null], testMethod = [null], testException = [null], mergedContextConfiguration = [WebMergedContextConfiguration@625e134e testClass = RecursoshumanosApplicationTests, locations = '{}', classes = '{class co.empresa.recursoshumanos.RecursoshumanosApplication}', contextInitializerClasses = '[]', activeProfiles = '{}', propertySourceLocations = '{}', propertySourceProperties = '{org.springframework.boot.test.context.SpringBootTestContextBootstrapper=true}', contextCustomizers = set[org.springframework.boot.test.autoconfigure.actuate.metrics.MetricsExportContextCustomizerFactory$DisableMetricExportContextCustomizer@16ce702d, org.springframework.boot.test.autoconfigure.properties.PropertyMappingContextCustomizer@0, org.springframework.boot.test.autoconfigure.web.servlet.WebDriverContextCustomizerFactory$Customizer@403f0a22, org.springframework.boot.test.context.filter.ExcludeFilterContextCustomizer@77825085, org.springframework.boot.test.json.DuplicateJsonObjectContextCustomizerFactory$DuplicateJsonObjectContextCustomizer@294a6b8e, org.springframework.boot.test.mock.mockito.MockitoContextCustomizer@0, org.springframework.boot.test.web.client.TestRestTemplateContextCustomizer@66ac5762, org.springframework.boot.test.context.SpringBootTestArgs@1, org.springframework.boot.test.context.SpringBootTestWebEnvironment@429bffaa], resourceBasePath = 'src/main/webapp', contextLoader = 'org.springframework.boot.test.context.SpringBootContextLoader', parent = [null]], attributes = map['org.springframework.test.context.web.ServletTestExecutionListener.activateListener' -> true]], class annotated with @DirtiesContext [false] with mode [null].

  .   ____          _            __ _ _
 /\\ / ___'_ __ _ _(_)_ __  __ _ \ \ \ \
( ( )\___ | '_ | '_| | '_ \/ _` | \ \ \ \
 \\/  ___)| |_)| | | | | || (_| |  ) ) ) )
  '  |____| .__|_| |_|_| |_\__, | / / / /
 =========|_|==============|___/=/_/_/_/
 :: Spring Boot ::               (v2.7.15)

2023-09-08 09:39:40.632  INFO 16376 --- [    Test worker] c.e.r.RecursoshumanosApplicationTests    : Starting RecursoshumanosApplicationTests using Java 17.0.8 on DESKTOP-4A96J8U with PID 16376 (started by lufer in C:\Users\lufer\OneDrive\Documentos\2023-2\Software\Codigo\recursoshumanos)
2023-09-08 09:39:40.639  INFO 16376 --- [    Test worker] c.e.r.RecursoshumanosApplicationTests    : No active profile set, falling back to 1 default profile: "default"
2023-09-08 09:39:50.106  INFO 16376 --- [    Test worker] c.e.r.RecursoshumanosApplicationTests    : Started RecursoshumanosApplicationTests in 11.144 seconds (JVM running for 15.902)
]]></system-out>
  <system-err><![CDATA[]]></system-err>
</testsuite>
